{"level":"info","message":"Connected to MongoDB...","service":"auth-service","timestamp":"2024-11-05 18:11:26"}
{"level":"info","message":"Connected to MongoDB...","service":"auth-service","timestamp":"2024-11-05 18:11:58"}
{"level":"info","message":"Connected to MongoDB...","service":"auth-service","timestamp":"2024-11-05 18:17:28"}
{"level":"info","message":"Connected to MongoDB...","service":"auth-service","timestamp":"2024-11-05 18:17:50"}
{"level":"info","message":"Connected to MongoDB...","service":"auth-service","timestamp":"2024-11-05 18:19:55"}
{"level":"info","message":"Connected to MongoDB...","service":"auth-service","timestamp":"2024-11-05 18:22:05"}
{"level":"info","message":"Connected to MongoDB...","service":"auth-service","timestamp":"2024-11-05 18:22:27"}
{"level":"info","message":"Connected to MongoDB...","service":"auth-service","timestamp":"2024-11-05 18:22:58"}
{"level":"info","message":"Connected to MongoDB...","service":"auth-service","timestamp":"2024-11-05 18:24:28"}
{"level":"info","message":"Connected to MongoDB...","service":"auth-service","timestamp":"2024-11-05 18:28:46"}
{"level":"info","message":"Connected to MongoDB...","service":"auth-service","timestamp":"2024-11-05 18:35:30"}
{"level":"info","message":"Connected to MongoDB...","service":"auth-service","timestamp":"2024-11-05 18:38:34"}
{"level":"info","message":"Connected to MongoDB...","service":"auth-service","timestamp":"2024-11-05 18:41:21"}
{"level":"info","message":"Connected to MongoDB...","service":"auth-service","timestamp":"2024-11-05 18:48:54"}
{"level":"info","message":"Connected to MongoDB...","service":"auth-service","timestamp":"2024-11-05 18:50:50"}
{"level":"info","message":"Connected to MongoDB...","service":"auth-service","timestamp":"2024-11-05 18:54:13"}
{"level":"info","message":"Connected to MongoDB...","service":"auth-service","timestamp":"2024-11-08 13:09:17"}
{"classId":50,"code":404,"level":"error","message":"Channel closed by server: 404 (NOT-FOUND) with message \"NOT_FOUND - no exchange 'job_system_topic' in vhost '/'\"","methodId":20,"service":"auth-service","stack":"Error: Channel closed by server: 404 (NOT-FOUND) with message \"NOT_FOUND - no exchange 'job_system_topic' in vhost '/'\"\n    at Channel.accept (D:\\Uni\\Semester7\\PBL6\\Code\\AuthService\\node_modules\\amqplib\\lib\\channel.js:320:19)\n    at Connection.mainAccept [as accept] (D:\\Uni\\Semester7\\PBL6\\Code\\AuthService\\node_modules\\amqplib\\lib\\connection.js:582:33)\n    at Socket.go (D:\\Uni\\Semester7\\PBL6\\Code\\AuthService\\node_modules\\amqplib\\lib\\connection.js:434:16)\n    at Socket.emit (node:events:519:28)\n    at emitReadable_ (node:internal/streams/readable:832:12)\n    at process.processTicksAndRejections (node:internal/process/task_queues:81:21)","timestamp":"2024-11-08 13:09:17"}
{"level":"info","message":"Connected to MongoDB...","service":"auth-service","timestamp":"2024-11-08 13:12:17"}
{"level":"info","message":"Connected to MongoDB...","service":"auth-service","timestamp":"2024-11-08 13:19:45"}
{"level":"info","message":"Connected to MongoDB...","service":"auth-service","timestamp":"2024-11-08 13:26:26"}
{"level":"info","message":"Connected to MongoDB...","service":"auth-service","timestamp":"2024-11-08 13:29:25"}
{"level":"info","message":"Connected to MongoDB...","service":"auth-service","timestamp":"2024-11-08 13:31:55"}
{"level":"info","message":"Connected to MongoDB...","service":"auth-service","timestamp":"2024-11-08 13:33:33"}
{"level":"info","message":"Connected to MongoDB...","service":"auth-service","timestamp":"2024-11-08 15:13:30"}
{"level":"info","message":"Connected to MongoDB...","service":"auth-service","timestamp":"2024-11-08 15:19:35"}
{"level":"info","message":"Connected to MongoDB...","service":"auth-service","timestamp":"2024-11-08 15:21:08"}
{"level":"info","message":"Connected to MongoDB...","service":"auth-service","timestamp":"2024-11-14 18:03:31"}
{"classId":50,"code":404,"level":"error","message":"Channel closed by server: 404 (NOT-FOUND) with message \"NOT_FOUND - no exchange 'job_system_topic' in vhost '/'\"","methodId":20,"service":"auth-service","stack":"Error: Channel closed by server: 404 (NOT-FOUND) with message \"NOT_FOUND - no exchange 'job_system_topic' in vhost '/'\"\n    at Channel.accept (D:\\Uni\\Semester7\\PBL6\\Code\\AuthService\\node_modules\\amqplib\\lib\\channel.js:320:19)\n    at Connection.mainAccept [as accept] (D:\\Uni\\Semester7\\PBL6\\Code\\AuthService\\node_modules\\amqplib\\lib\\connection.js:582:33)\n    at Socket.go (D:\\Uni\\Semester7\\PBL6\\Code\\AuthService\\node_modules\\amqplib\\lib\\connection.js:434:16)\n    at Socket.emit (node:events:519:28)\n    at emitReadable_ (node:internal/streams/readable:832:12)\n    at process.processTicksAndRejections (node:internal/process/task_queues:81:21)","timestamp":"2024-11-14 18:16:43"}
{"0":"m","1":"o","10":"v","11":":","12":"/","13":"/","14":"j","15":"o","16":"e","17":"y","18":"j","19":"o","2":"n","20":"e","21":"y","22":"j","23":"o","24":"e","25":"y","26":"1","27":"0","28":"2","29":":","3":"g","30":"1","31":"2","32":"3","33":"4","34":"5","35":"6","36":"7","37":"8","38":"9","39":"a","4":"o","40":"@","41":"a","42":"u","43":"t","44":"h","45":"s","46":"e","47":"r","48":"v","49":"i","5":"d","50":"c","51":"e","52":".","53":"a","54":"c","55":"m","56":"q","57":"f","58":".","59":"m","6":"b","60":"o","61":"n","62":"g","63":"o","64":"d","65":"b","66":".","67":"n","68":"e","69":"t","7":"+","70":"/","8":"s","9":"r","level":"info","message":"Connected to","service":"auth-service","timestamp":"2024-11-14 18:21:00"}
{"0":"m","1":"o","10":"v","11":":","12":"/","13":"/","14":"j","15":"o","16":"e","17":"y","18":"j","19":"o","2":"n","20":"e","21":"y","22":"j","23":"o","24":"e","25":"y","26":"1","27":"0","28":"2","29":":","3":"g","30":"1","31":"2","32":"3","33":"4","34":"5","35":"6","36":"7","37":"8","38":"9","39":"a","4":"o","40":"@","41":"a","42":"u","43":"t","44":"h","45":"s","46":"e","47":"r","48":"v","49":"i","5":"d","50":"c","51":"e","52":".","53":"a","54":"c","55":"m","56":"q","57":"f","58":".","59":"m","6":"b","60":"o","61":"n","62":"g","63":"o","64":"d","65":"b","66":".","67":"n","68":"e","69":"t","7":"+","70":"/","8":"s","9":"r","level":"info","message":"Connected to","service":"auth-service","timestamp":"2024-11-14 18:26:00"}
{"0":"m","1":"o","10":"v","11":":","12":"/","13":"/","14":"j","15":"o","16":"e","17":"y","18":"j","19":"o","2":"n","20":"e","21":"y","22":"j","23":"o","24":"e","25":"y","26":"1","27":"0","28":"2","29":":","3":"g","30":"1","31":"2","32":"3","33":"4","34":"5","35":"6","36":"7","37":"8","38":"9","39":"a","4":"o","40":"@","41":"a","42":"u","43":"t","44":"h","45":"s","46":"e","47":"r","48":"v","49":"i","5":"d","50":"c","51":"e","52":".","53":"a","54":"c","55":"m","56":"q","57":"f","58":".","59":"m","6":"b","60":"o","61":"n","62":"g","63":"o","64":"d","65":"b","66":".","67":"n","68":"e","69":"t","7":"+","70":"/","8":"s","9":"r","level":"info","message":"Connected to","service":"auth-service","timestamp":"2024-11-14 18:29:51"}
{"0":"m","1":"o","10":"v","11":":","12":"/","13":"/","14":"j","15":"o","16":"e","17":"y","18":"j","19":"o","2":"n","20":"e","21":"y","22":"j","23":"o","24":"e","25":"y","26":"1","27":"0","28":"2","29":":","3":"g","30":"1","31":"2","32":"3","33":"4","34":"5","35":"6","36":"7","37":"8","38":"9","39":"a","4":"o","40":"@","41":"a","42":"u","43":"t","44":"h","45":"s","46":"e","47":"r","48":"v","49":"i","5":"d","50":"c","51":"e","52":".","53":"a","54":"c","55":"m","56":"q","57":"f","58":".","59":"m","6":"b","60":"o","61":"n","62":"g","63":"o","64":"d","65":"b","66":".","67":"n","68":"e","69":"t","7":"+","70":"/","8":"s","9":"r","level":"info","message":"Connected to","service":"auth-service","timestamp":"2024-11-14 18:34:28"}
{"0":"m","1":"o","10":"v","11":":","12":"/","13":"/","14":"j","15":"o","16":"e","17":"y","18":"j","19":"o","2":"n","20":"e","21":"y","22":"j","23":"o","24":"e","25":"y","26":"1","27":"0","28":"2","29":":","3":"g","30":"1","31":"2","32":"3","33":"4","34":"5","35":"6","36":"7","37":"8","38":"9","39":"a","4":"o","40":"@","41":"a","42":"u","43":"t","44":"h","45":"s","46":"e","47":"r","48":"v","49":"i","5":"d","50":"c","51":"e","52":".","53":"a","54":"c","55":"m","56":"q","57":"f","58":".","59":"m","6":"b","60":"o","61":"n","62":"g","63":"o","64":"d","65":"b","66":".","67":"n","68":"e","69":"t","7":"+","70":"/","8":"s","9":"r","level":"info","message":"Connected to","service":"auth-service","timestamp":"2024-11-14 19:01:44"}
{"0":"m","1":"o","10":"v","11":":","12":"/","13":"/","14":"j","15":"o","16":"e","17":"y","18":"j","19":"o","2":"n","20":"e","21":"y","22":"j","23":"o","24":"e","25":"y","26":"1","27":"0","28":"2","29":":","3":"g","30":"1","31":"2","32":"3","33":"4","34":"5","35":"6","36":"7","37":"8","38":"9","39":"a","4":"o","40":"@","41":"a","42":"u","43":"t","44":"h","45":"s","46":"e","47":"r","48":"v","49":"i","5":"d","50":"c","51":"e","52":".","53":"a","54":"c","55":"m","56":"q","57":"f","58":".","59":"m","6":"b","60":"o","61":"n","62":"g","63":"o","64":"d","65":"b","66":".","67":"n","68":"e","69":"t","7":"+","70":"/","8":"s","9":"r","level":"info","message":"Connected to","service":"auth-service","timestamp":"2024-11-14 19:05:34"}
{"0":"m","1":"o","10":"v","11":":","12":"/","13":"/","14":"j","15":"o","16":"e","17":"y","18":"j","19":"o","2":"n","20":"e","21":"y","22":"j","23":"o","24":"e","25":"y","26":"1","27":"0","28":"2","29":":","3":"g","30":"1","31":"2","32":"3","33":"4","34":"5","35":"6","36":"7","37":"8","38":"9","39":"a","4":"o","40":"@","41":"a","42":"u","43":"t","44":"h","45":"s","46":"e","47":"r","48":"v","49":"i","5":"d","50":"c","51":"e","52":".","53":"a","54":"c","55":"m","56":"q","57":"f","58":".","59":"m","6":"b","60":"o","61":"n","62":"g","63":"o","64":"d","65":"b","66":".","67":"n","68":"e","69":"t","7":"+","70":"/","8":"s","9":"r","level":"info","message":"Connected to","service":"auth-service","timestamp":"2024-11-14 19:35:42"}
{"0":"m","1":"o","10":"v","11":":","12":"/","13":"/","14":"j","15":"o","16":"e","17":"y","18":"j","19":"o","2":"n","20":"e","21":"y","22":"j","23":"o","24":"e","25":"y","26":"1","27":"0","28":"2","29":":","3":"g","30":"1","31":"2","32":"3","33":"4","34":"5","35":"6","36":"7","37":"8","38":"9","39":"a","4":"o","40":"@","41":"a","42":"u","43":"t","44":"h","45":"s","46":"e","47":"r","48":"v","49":"i","5":"d","50":"c","51":"e","52":".","53":"a","54":"c","55":"m","56":"q","57":"f","58":".","59":"m","6":"b","60":"o","61":"n","62":"g","63":"o","64":"d","65":"b","66":".","67":"n","68":"e","69":"t","7":"+","70":"/","8":"s","9":"r","level":"info","message":"Connected to","service":"auth-service","timestamp":"2024-11-14 19:38:10"}
{"0":"m","1":"o","10":"v","11":":","12":"/","13":"/","14":"j","15":"o","16":"e","17":"y","18":"j","19":"o","2":"n","20":"e","21":"y","22":"j","23":"o","24":"e","25":"y","26":"1","27":"0","28":"2","29":":","3":"g","30":"1","31":"2","32":"3","33":"4","34":"5","35":"6","36":"7","37":"8","38":"9","39":"a","4":"o","40":"@","41":"a","42":"u","43":"t","44":"h","45":"s","46":"e","47":"r","48":"v","49":"i","5":"d","50":"c","51":"e","52":".","53":"a","54":"c","55":"m","56":"q","57":"f","58":".","59":"m","6":"b","60":"o","61":"n","62":"g","63":"o","64":"d","65":"b","66":".","67":"n","68":"e","69":"t","7":"+","70":"/","8":"s","9":"r","level":"info","message":"Connected to","service":"auth-service","timestamp":"2024-11-14 19:40:35"}
{"0":"m","1":"o","10":"v","11":":","12":"/","13":"/","14":"j","15":"o","16":"e","17":"y","18":"j","19":"o","2":"n","20":"e","21":"y","22":"j","23":"o","24":"e","25":"y","26":"1","27":"0","28":"2","29":":","3":"g","30":"1","31":"2","32":"3","33":"4","34":"5","35":"6","36":"7","37":"8","38":"9","39":"a","4":"o","40":"@","41":"a","42":"u","43":"t","44":"h","45":"s","46":"e","47":"r","48":"v","49":"i","5":"d","50":"c","51":"e","52":".","53":"a","54":"c","55":"m","56":"q","57":"f","58":".","59":"m","6":"b","60":"o","61":"n","62":"g","63":"o","64":"d","65":"b","66":".","67":"n","68":"e","69":"t","7":"+","70":"/","8":"s","9":"r","level":"info","message":"Connected to","service":"auth-service","timestamp":"2024-11-14 19:49:55"}
{"level":"info","message":"AuthService connected to database","service":"auth-service","timestamp":"2024-11-14 22:55:24"}
{"level":"info","message":"AuthService connected to database","service":"auth-service","timestamp":"2024-11-14 23:16:25"}
{"level":"info","message":"AuthService connected to database","service":"auth-service","timestamp":"2024-11-15 07:27:24"}
{"level":"info","message":"AuthService connected to database","service":"auth-service","timestamp":"2024-11-15 07:31:55"}
{"level":"info","message":"AuthService connected to database","service":"auth-service","timestamp":"2024-11-15 13:45:03"}
{"level":"info","message":"AuthService connected to database","service":"auth-service","timestamp":"2024-11-18 10:26:39"}
{"level":"info","message":"AuthService connected to database","service":"auth-service","timestamp":"2024-11-18 10:32:23"}
{"level":"info","message":"AuthService connected to database","service":"auth-service","timestamp":"2024-11-18 10:35:20"}
{"level":"info","message":"AuthService connected to database","service":"auth-service","timestamp":"2024-11-18 10:43:42"}
{"level":"info","message":"AuthService connected to database","service":"auth-service","timestamp":"2024-11-18 10:45:44"}
{"level":"info","message":"AuthService connected to database","service":"auth-service","timestamp":"2024-11-18 10:46:09"}
{"level":"info","message":"AuthService connected to database","service":"auth-service","timestamp":"2024-11-18 23:06:05"}
{"level":"info","message":"AuthService connected to database","service":"auth-service","timestamp":"2024-11-18 23:12:50"}
{"level":"info","message":"AuthService connected to database","service":"auth-service","timestamp":"2024-11-18 23:22:24"}
{"level":"info","message":"AuthService connected to database","service":"auth-service","timestamp":"2024-11-18 23:40:17"}
{"level":"info","message":"AuthService connected to database","service":"auth-service","timestamp":"2024-11-18 23:42:33"}
{"level":"error","message":"Failed to create account: Cannot read properties of undefined (reading 'email')","service":"auth-service","stack":"Error: Failed to create account: Cannot read properties of undefined (reading 'email')\n    at exports.createAccount (D:\\Uni\\Semester7\\PBL6\\Code\\AuthService\\src\\api\\v1\\services\\authService.js:130:11)\n    at handleUserEvent (D:\\Uni\\Semester7\\PBL6\\Code\\AuthService\\src\\rabbitmq\\rabbitmqConsumer.js:53:39)\n    at D:\\Uni\\Semester7\\PBL6\\Code\\AuthService\\src\\rabbitmq\\rabbitmqConsumer.js:27:21\n    at Channel.dispatchMessage (D:\\Uni\\Semester7\\PBL6\\Code\\AuthService\\node_modules\\amqplib\\lib\\channel.js:485:14)\n    at Channel.handleDelivery (D:\\Uni\\Semester7\\PBL6\\Code\\AuthService\\node_modules\\amqplib\\lib\\channel.js:494:17)\n    at Channel.emit (node:events:519:28)\n    at D:\\Uni\\Semester7\\PBL6\\Code\\AuthService\\node_modules\\amqplib\\lib\\channel.js:391:10\n    at Channel.content (D:\\Uni\\Semester7\\PBL6\\Code\\AuthService\\node_modules\\amqplib\\lib\\channel.js:444:9)\n    at Channel.acceptMessageFrame (D:\\Uni\\Semester7\\PBL6\\Code\\AuthService\\node_modules\\amqplib\\lib\\channel.js:228:33)\n    at Channel.accept (D:\\Uni\\Semester7\\PBL6\\Code\\AuthService\\node_modules\\amqplib\\lib\\channel.js:298:19)","timestamp":"2024-11-18 23:42:42"}
{"level":"info","message":"AuthService connected to database","service":"auth-service","timestamp":"2024-11-18 23:43:28"}
{"level":"info","message":"AuthService connected to database","service":"auth-service","timestamp":"2024-11-18 23:48:05"}
{"level":"info","message":"AuthService connected to database","service":"auth-service","timestamp":"2024-11-18 23:50:14"}
{"level":"info","message":"AuthService connected to database","service":"auth-service","timestamp":"2024-11-18 23:53:36"}
{"level":"info","message":"AuthService connected to database","service":"auth-service","timestamp":"2024-11-19 13:27:04"}
{"level":"info","message":"AuthService connected to database","service":"auth-service","timestamp":"2024-11-19 13:32:42"}
{"level":"info","message":"AuthService connected to database","service":"auth-service","timestamp":"2024-11-19 13:35:56"}
{"level":"info","message":"AuthService connected to database","service":"auth-service","timestamp":"2024-11-19 13:37:04"}
{"level":"info","message":"AuthService connected to database","service":"auth-service","timestamp":"2024-11-19 13:37:49"}
{"level":"info","message":"AuthService connected to database","service":"auth-service","timestamp":"2024-11-19 13:40:19"}
{"level":"info","message":"AuthService connected to database","service":"auth-service","timestamp":"2024-11-19 13:40:53"}
{"level":"info","message":"AuthService connected to database","service":"auth-service","timestamp":"2024-11-19 13:42:06"}
{"level":"info","message":"AuthService connected to database","service":"auth-service","timestamp":"2024-11-19 13:42:39"}
{"level":"info","message":"AuthService connected to database","service":"auth-service","timestamp":"2024-11-19 13:44:02"}
{"level":"info","message":"AuthService connected to database","service":"auth-service","timestamp":"2024-11-19 13:45:19"}
{"level":"info","message":"AuthService connected to database","service":"auth-service","timestamp":"2024-11-19 13:49:25"}
{"level":"info","message":"AuthService connected to database","service":"auth-service","timestamp":"2024-11-19 14:14:14"}
{"level":"info","message":"AuthService connected to database","service":"auth-service","timestamp":"2024-11-19 14:22:26"}
{"level":"info","message":"AuthService connected to database","service":"auth-service","timestamp":"2024-11-19 14:23:35"}
{"level":"info","message":"AuthService connected to database","service":"auth-service","timestamp":"2024-11-19 14:25:25"}
{"level":"info","message":"AuthService connected to database","service":"auth-service","timestamp":"2024-11-19 14:35:12"}
{"level":"info","message":"AuthService connected to database","service":"auth-service","timestamp":"2024-11-19 14:43:09"}
{"level":"info","message":"AuthService connected to database","service":"auth-service","timestamp":"2024-11-19 14:46:12"}
{"level":"info","message":"AuthService connected to database","service":"auth-service","timestamp":"2024-11-19 15:59:30"}
